Сборка начата 28.10.2015 21:00:11.
     1>Проект "C:\Users\npuMa94\Desktop\Защита информации\Crypto\Crypto\Crypto.vcxproj" в узле 2 (целевые объекты Build).
     1>ClCompile:
         C:\Program Files (x86)\Microsoft Visual Studio 14.0\VC\bin\x86_amd64\CL.exe /c /ZI /nologo /W3 /WX- /sdl /Od /D _DEBUG /D _CONSOLE /D _CRT_SECURE_NO_WARNINGS /D _UNICODE /D UNICODE /Gm /EHsc /RTC1 /MTd /GS /fp:precise /Zc:wchar_t /Zc:forScope /Zc:inline /Yu"stdafx.h" /Fp"x64\Debug\Crypto.pch" /Fo"x64\Debug\\" /Fd"x64\Debug\vc140.pdb" /Gd /TP /errorReport:prompt Crypto.cpp
         Crypto.cpp
     1>c:\users\npuma94\desktop\защита информации\crypto\crypto\head1.h(110): warning C4244: =: преобразование "__int64" в "int", возможна потеря данных
     1>c:\users\npuma94\desktop\защита информации\crypto\crypto\head1.h(159): warning C4244: =: преобразование "double" в "__int64", возможна потеря данных
     1>c:\users\npuma94\desktop\защита информации\crypto\crypto\crypto.h(183): warning C4244: =: преобразование "__int64" в "char", возможна потеря данных
     1>c:\users\npuma94\desktop\защита информации\crypto\crypto\crypto.h(199): warning C4267: инициализация: преобразование из "size_t" в "unsigned int"; возможна потеря данных
     1>c:\users\npuma94\desktop\защита информации\crypto\crypto\crypto.cpp(14): warning C4244: аргумент: преобразование "time_t" в "unsigned int", возможна потеря данных
     1>c:\users\npuma94\desktop\защита информации\crypto\crypto\crypto.cpp(11): warning C4101: b: неиспользованная локальная переменная
     1>c:\users\npuma94\desktop\защита информации\crypto\crypto\crypto.cpp(11): warning C4101: s: неиспользованная локальная переменная
     1>c:\users\npuma94\desktop\защита информации\crypto\crypto\crypto.cpp(12): warning C4101: o: неиспользованная локальная переменная
     1>c:\users\npuma94\desktop\защита информации\crypto\crypto\crypto.cpp(11): warning C4101: key: неиспользованная локальная переменная
       Link:
         C:\Program Files (x86)\Microsoft Visual Studio 14.0\VC\bin\x86_amd64\link.exe /ERRORREPORT:PROMPT /OUT:"C:\Users\npuMa94\Desktop\Защита информации\Crypto\x64\Debug\Crypto.exe" /INCREMENTAL /NOLOGO "C:\Users\npuMa94\Desktop\Защита информации\Crypto\cryptopp562\Win32\Output\Debug\cryptlib.lib" kernel32.lib user32.lib gdi32.lib winspool.lib comdlg32.lib advapi32.lib shell32.lib ole32.lib oleaut32.lib uuid.lib odbc32.lib odbccp32.lib /MANIFEST /MANIFESTUAC:"level='asInvoker' uiAccess='false'" /manifest:embed /Debug /PDB:"C:\Users\npuMa94\Desktop\Защита информации\Crypto\x64\Debug\Crypto.pdb" /SUBSYSTEM:CONSOLE /TLBID:1 /DYNAMICBASE /NXCOMPAT /IMPLIB:"C:\Users\npuMa94\Desktop\Защита информации\Crypto\x64\Debug\Crypto.lib" /MACHINE:X64 x64\Debug\Crypto.obj
         x64\Debug\stdafx.obj
     1>Crypto.obj : error LNK2019: ссылка на неразрешенный внешний символ "public: __cdecl CryptoPP::Algorithm::Algorithm(bool)" (??0Algorithm@CryptoPP@@QEAA@_N@Z) в функции "public: __cdecl CryptoPP::HashTransformation::HashTransformation(void)" (??0HashTransformation@CryptoPP@@QEAA@XZ)
     1>Crypto.obj : error LNK2001: неразрешенный внешний символ ""public: virtual bool __cdecl CryptoPP::HashTransformation::TruncatedVerify(unsigned char const *,unsigned __int64)" (?TruncatedVerify@HashTransformation@CryptoPP@@UEAA_NPEBE_K@Z)"
     1>Crypto.obj : error LNK2001: неразрешенный внешний символ ""public: virtual void __cdecl CryptoPP::SHA3::Update(unsigned char const *,unsigned __int64)" (?Update@SHA3@CryptoPP@@UEAAXPEBE_K@Z)"
     1>Crypto.obj : error LNK2019: ссылка на неразрешенный внешний символ "public: virtual void __cdecl CryptoPP::SHA3::Restart(void)" (?Restart@SHA3@CryptoPP@@UEAAXXZ) в функции "public: __cdecl CryptoPP::SHA3::SHA3(unsigned int)" (??0SHA3@CryptoPP@@QEAA@I@Z)
     1>Crypto.obj : error LNK2001: неразрешенный внешний символ ""public: virtual void __cdecl CryptoPP::SHA3::TruncatedFinal(unsigned char *,unsigned __int64)" (?TruncatedFinal@SHA3@CryptoPP@@UEAAXPEAE_K@Z)"
     1>C:\Users\npuMa94\Desktop\Защита информации\Crypto\cryptopp562\Win32\Output\Debug\cryptlib.lib : warning LNK4272: тип компьютера библиотеки "X86" конфликтует с типом целевого компьютера "x64"
     1>C:\Users\npuMa94\Desktop\Защита информации\Crypto\x64\Debug\Crypto.exe : fatal error LNK1120: неразрешенных внешних элементов: 5
     1>Сборка проекта "C:\Users\npuMa94\Desktop\Защита информации\Crypto\Crypto\Crypto.vcxproj" завершена (целевые объекты Build) с ошибкой.

Ошибка сборки.

Затраченное время: 00:00:02.48
