Сборка начата 28.10.2015 19:48:30.
     1>Проект "C:\Users\npuMa94\Desktop\Защита информации\cryptopp562\cryptlib.vcxproj" в узле 2 (целевые объекты Build).
     1>CustomBuild:
         Performing Custom Build Tools
       ClCompile:
         C:\Program Files (x86)\Microsoft Visual Studio 14.0\VC\bin\CL.exe /c /ZI /nologo /W3 /WX- /Od /Oi /Oy- /D _DEBUG /D _WINDOWS /D USE_PRECOMPILED_HEADERS /D WIN32 /D _VC80_UPGRADE=0x0710 /Gm- /EHsc /MTd /GS /arch:SSE /fp:precise /Zc:wchar_t /Zc:forScope /Zc:inline /Yc"pch.h" /Fp"Win32\cryptlib\Debug\cryptlib.pch" /Fo"Win32\cryptlib\Debug\\" /Fd"Win32\Output\Debug\vc80.pdb" /Gd /TP /analyze- /errorReport:prompt pch.cpp
         pch.cpp
         C:\Program Files (x86)\Microsoft Visual Studio 14.0\VC\bin\CL.exe /c /ZI /nologo /W3 /WX- /Od /Oi /Oy- /D _DEBUG /D _WINDOWS /D USE_PRECOMPILED_HEADERS /D WIN32 /D _VC80_UPGRADE=0x0710 /Gm- /EHsc /MTd /GS /arch:SSE /fp:precise /Zc:wchar_t /Zc:forScope /Zc:inline /Yu"pch.h" /Fp"Win32\cryptlib\Debug\cryptlib.pch" /Fo"Win32\cryptlib\Debug\\" /Fd"Win32\Output\Debug\vc80.pdb" /Gd /TP /analyze- /errorReport:prompt 3way.cpp adler32.cpp algebra.cpp algparam.cpp arc4.cpp asn.cpp authenc.cpp base32.cpp base64.cpp basecode.cpp bfinit.cpp blowfish.cpp blumshub.cpp camellia.cpp cast.cpp casts.cpp cbcmac.cpp ccm.cpp channels.cpp cmac.cpp cpu.cpp crc.cpp cryptlib.cpp default.cpp des.cpp dessp.cpp dh.cpp dh2.cpp dsa.cpp eax.cpp ec2n.cpp ecp.cpp elgamal.cpp emsa2.cpp esign.cpp files.cpp filters.cpp fips140.cpp fipstest.cpp gcm.cpp gf256.cpp gf2_32.cpp gf2n.cpp gfpcrypt.cpp gost.cpp gzip.cpp hex.cpp hmac.cpp hrtimer.cpp ida.cpp idea.cpp integer.cpp luc.cpp mars.cpp marss.cpp md2.cpp md4.cpp md5.cpp misc.cpp modes.cpp mqueue.cpp mqv.cpp nbtheory.cpp network.cpp oaep.cpp osrng.cpp panama.cpp pkcspad.cpp polynomi.cpp pssr.cpp pubkey.cpp queue.cpp rabin.cpp randpool.cpp rc2.cpp rc5.cpp rc6.cpp rdtables.cpp rijndael.cpp ripemd.cpp rng.cpp rsa.cpp rw.cpp safer.cpp salsa.cpp seal.cpp seed.cpp serpent.cpp sha.cpp sha3.cpp shacal2.cpp shark.cpp sharkbox.cpp simple.cpp skipjack.cpp socketft.cpp sosemanuk.cpp square.cpp squaretb.cpp strciphr.cpp tea.cpp tftables.cpp tiger.cpp tigertab.cpp trdlocal.cpp ttmac.cpp twofish.cpp vmac.cpp wait.cpp wake.cpp whrlpool.cpp winpipes.cpp xtr.cpp xtrcrypt.cpp zdeflate.cpp zinflate.cpp zlib.cpp
         3way.cpp
         adler32.cpp
         algebra.cpp
         algparam.cpp
     1>c:\users\npuma94\desktop\защита информации\cryptopp562\algparam.h(277): warning C4297: CryptoPP::AlgorithmParametersBase::~AlgorithmParametersBase: ожидается, что функция не будет выдавать исключения, но она это делает
         c:\users\npuma94\desktop\защита информации\cryptopp562\algparam.h(277): note: деструктор или метод отмены выделения имеет (возможно, неявно) спецификацию, не предусматривающую создание исключений
         arc4.cpp
         asn.cpp
     1>c:\users\npuma94\desktop\защита информации\cryptopp562\algparam.h(277): warning C4297: CryptoPP::AlgorithmParametersBase::~AlgorithmParametersBase: ожидается, что функция не будет выдавать исключения, но она это делает
         c:\users\npuma94\desktop\защита информации\cryptopp562\algparam.h(277): note: деструктор или метод отмены выделения имеет (возможно, неявно) спецификацию, не предусматривающую создание исключений
         authenc.cpp
         base32.cpp
     1>c:\users\npuma94\desktop\защита информации\cryptopp562\algparam.h(277): warning C4297: CryptoPP::AlgorithmParametersBase::~AlgorithmParametersBase: ожидается, что функция не будет выдавать исключения, но она это делает
         c:\users\npuma94\desktop\защита информации\cryptopp562\algparam.h(277): note: деструктор или метод отмены выделения имеет (возможно, неявно) спецификацию, не предусматривающую создание исключений
         base64.cpp
     1>c:\users\npuma94\desktop\защита информации\cryptopp562\algparam.h(277): warning C4297: CryptoPP::AlgorithmParametersBase::~AlgorithmParametersBase: ожидается, что функция не будет выдавать исключения, но она это делает
         c:\users\npuma94\desktop\защита информации\cryptopp562\algparam.h(277): note: деструктор или метод отмены выделения имеет (возможно, неявно) спецификацию, не предусматривающую создание исключений
         basecode.cpp
     1>c:\users\npuma94\desktop\защита информации\cryptopp562\algparam.h(277): warning C4297: CryptoPP::AlgorithmParametersBase::~AlgorithmParametersBase: ожидается, что функция не будет выдавать исключения, но она это делает
         c:\users\npuma94\desktop\защита информации\cryptopp562\algparam.h(277): note: деструктор или метод отмены выделения имеет (возможно, неявно) спецификацию, не предусматривающую создание исключений
         bfinit.cpp
         blowfish.cpp
         blumshub.cpp
         camellia.cpp
         cast.cpp
         casts.cpp
         cbcmac.cpp
         ccm.cpp
     1>c:\users\npuma94\desktop\защита информации\cryptopp562\algparam.h(277): warning C4297: CryptoPP::AlgorithmParametersBase::~AlgorithmParametersBase: ожидается, что функция не будет выдавать исключения, но она это делает
         c:\users\npuma94\desktop\защита информации\cryptopp562\algparam.h(277): note: деструктор или метод отмены выделения имеет (возможно, неявно) спецификацию, не предусматривающую создание исключений
         channels.cpp
         cmac.cpp
         Создание кода...
         Компиляция...
         cpu.cpp
         crc.cpp
         cryptlib.cpp
     1>c:\users\npuma94\desktop\защита информации\cryptopp562\algparam.h(277): warning C4297: CryptoPP::AlgorithmParametersBase::~AlgorithmParametersBase: ожидается, что функция не будет выдавать исключения, но она это делает
         c:\users\npuma94\desktop\защита информации\cryptopp562\algparam.h(277): note: деструктор или метод отмены выделения имеет (возможно, неявно) спецификацию, не предусматривающую создание исключений
         default.cpp
     1>c:\users\npuma94\desktop\защита информации\cryptopp562\algparam.h(277): warning C4297: CryptoPP::AlgorithmParametersBase::~AlgorithmParametersBase: ожидается, что функция не будет выдавать исключения, но она это делает
         c:\users\npuma94\desktop\защита информации\cryptopp562\algparam.h(277): note: деструктор или метод отмены выделения имеет (возможно, неявно) спецификацию, не предусматривающую создание исключений
         des.cpp
         dessp.cpp
         dh.cpp
     1>c:\users\npuma94\desktop\защита информации\cryptopp562\algparam.h(277): warning C4297: CryptoPP::AlgorithmParametersBase::~AlgorithmParametersBase: ожидается, что функция не будет выдавать исключения, но она это делает
         c:\users\npuma94\desktop\защита информации\cryptopp562\algparam.h(277): note: деструктор или метод отмены выделения имеет (возможно, неявно) спецификацию, не предусматривающую создание исключений
         dh2.cpp
         dsa.cpp
     1>c:\users\npuma94\desktop\защита информации\cryptopp562\algparam.h(277): warning C4297: CryptoPP::AlgorithmParametersBase::~AlgorithmParametersBase: ожидается, что функция не будет выдавать исключения, но она это делает
         c:\users\npuma94\desktop\защита информации\cryptopp562\algparam.h(277): note: деструктор или метод отмены выделения имеет (возможно, неявно) спецификацию, не предусматривающую создание исключений
         eax.cpp
     1>c:\users\npuma94\desktop\защита информации\cryptopp562\algparam.h(277): warning C4297: CryptoPP::AlgorithmParametersBase::~AlgorithmParametersBase: ожидается, что функция не будет выдавать исключения, но она это делает
         c:\users\npuma94\desktop\защита информации\cryptopp562\algparam.h(277): note: деструктор или метод отмены выделения имеет (возможно, неявно) спецификацию, не предусматривающую создание исключений
         ec2n.cpp
     1>c:\users\npuma94\desktop\защита информации\cryptopp562\algparam.h(277): warning C4297: CryptoPP::AlgorithmParametersBase::~AlgorithmParametersBase: ожидается, что функция не будет выдавать исключения, но она это делает
         c:\users\npuma94\desktop\защита информации\cryptopp562\algparam.h(277): note: деструктор или метод отмены выделения имеет (возможно, неявно) спецификацию, не предусматривающую создание исключений
         ecp.cpp
     1>c:\users\npuma94\desktop\защита информации\cryptopp562\algparam.h(277): warning C4297: CryptoPP::AlgorithmParametersBase::~AlgorithmParametersBase: ожидается, что функция не будет выдавать исключения, но она это делает
         c:\users\npuma94\desktop\защита информации\cryptopp562\algparam.h(277): note: деструктор или метод отмены выделения имеет (возможно, неявно) спецификацию, не предусматривающую создание исключений
         elgamal.cpp
     1>c:\users\npuma94\desktop\защита информации\cryptopp562\algparam.h(277): warning C4297: CryptoPP::AlgorithmParametersBase::~AlgorithmParametersBase: ожидается, что функция не будет выдавать исключения, но она это делает
         c:\users\npuma94\desktop\защита информации\cryptopp562\algparam.h(277): note: деструктор или метод отмены выделения имеет (возможно, неявно) спецификацию, не предусматривающую создание исключений
         emsa2.cpp
     1>c:\users\npuma94\desktop\защита информации\cryptopp562\algparam.h(277): warning C4297: CryptoPP::AlgorithmParametersBase::~AlgorithmParametersBase: ожидается, что функция не будет выдавать исключения, но она это делает
         c:\users\npuma94\desktop\защита информации\cryptopp562\algparam.h(277): note: деструктор или метод отмены выделения имеет (возможно, неявно) спецификацию, не предусматривающую создание исключений
         esign.cpp
     1>c:\users\npuma94\desktop\защита информации\cryptopp562\algparam.h(277): warning C4297: CryptoPP::AlgorithmParametersBase::~AlgorithmParametersBase: ожидается, что функция не будет выдавать исключения, но она это делает
         c:\users\npuma94\desktop\защита информации\cryptopp562\algparam.h(277): note: деструктор или метод отмены выделения имеет (возможно, неявно) спецификацию, не предусматривающую создание исключений
         files.cpp
     1>c:\users\npuma94\desktop\защита информации\cryptopp562\algparam.h(277): warning C4297: CryptoPP::AlgorithmParametersBase::~AlgorithmParametersBase: ожидается, что функция не будет выдавать исключения, но она это делает
         c:\users\npuma94\desktop\защита информации\cryptopp562\algparam.h(277): note: деструктор или метод отмены выделения имеет (возможно, неявно) спецификацию, не предусматривающую создание исключений
         filters.cpp
     1>c:\users\npuma94\desktop\защита информации\cryptopp562\algparam.h(277): warning C4297: CryptoPP::AlgorithmParametersBase::~AlgorithmParametersBase: ожидается, что функция не будет выдавать исключения, но она это делает
         c:\users\npuma94\desktop\защита информации\cryptopp562\algparam.h(277): note: деструктор или метод отмены выделения имеет (возможно, неявно) спецификацию, не предусматривающую создание исключений
         fips140.cpp
         fipstest.cpp
     1>c:\users\npuma94\desktop\защита информации\cryptopp562\algparam.h(277): warning C4297: CryptoPP::AlgorithmParametersBase::~AlgorithmParametersBase: ожидается, что функция не будет выдавать исключения, но она это делает
         c:\users\npuma94\desktop\защита информации\cryptopp562\algparam.h(277): note: деструктор или метод отмены выделения имеет (возможно, неявно) спецификацию, не предусматривающую создание исключений
         gcm.cpp
     1>c:\users\npuma94\desktop\защита информации\cryptopp562\algparam.h(277): warning C4297: CryptoPP::AlgorithmParametersBase::~AlgorithmParametersBase: ожидается, что функция не будет выдавать исключения, но она это делает
         c:\users\npuma94\desktop\защита информации\cryptopp562\algparam.h(277): note: деструктор или метод отмены выделения имеет (возможно, неявно) спецификацию, не предусматривающую создание исключений
         Создание кода...
         Компиляция...
         gf256.cpp
         gf2_32.cpp
         gf2n.cpp
     1>c:\users\npuma94\desktop\защита информации\cryptopp562\algparam.h(277): warning C4297: CryptoPP::AlgorithmParametersBase::~AlgorithmParametersBase: ожидается, что функция не будет выдавать исключения, но она это делает
         c:\users\npuma94\desktop\защита информации\cryptopp562\algparam.h(277): note: деструктор или метод отмены выделения имеет (возможно, неявно) спецификацию, не предусматривающую создание исключений
         gfpcrypt.cpp
     1>c:\users\npuma94\desktop\защита информации\cryptopp562\algparam.h(277): warning C4297: CryptoPP::AlgorithmParametersBase::~AlgorithmParametersBase: ожидается, что функция не будет выдавать исключения, но она это делает
         c:\users\npuma94\desktop\защита информации\cryptopp562\algparam.h(277): note: деструктор или метод отмены выделения имеет (возможно, неявно) спецификацию, не предусматривающую создание исключений
         gost.cpp
         gzip.cpp
     1>c:\users\npuma94\desktop\защита информации\cryptopp562\algparam.h(277): warning C4297: CryptoPP::AlgorithmParametersBase::~AlgorithmParametersBase: ожидается, что функция не будет выдавать исключения, но она это делает
         c:\users\npuma94\desktop\защита информации\cryptopp562\algparam.h(277): note: деструктор или метод отмены выделения имеет (возможно, неявно) спецификацию, не предусматривающую создание исключений
         hex.cpp
     1>c:\users\npuma94\desktop\защита информации\cryptopp562\algparam.h(277): warning C4297: CryptoPP::AlgorithmParametersBase::~AlgorithmParametersBase: ожидается, что функция не будет выдавать исключения, но она это делает
         c:\users\npuma94\desktop\защита информации\cryptopp562\algparam.h(277): note: деструктор или метод отмены выделения имеет (возможно, неявно) спецификацию, не предусматривающую создание исключений
         hmac.cpp
         hrtimer.cpp
         ida.cpp
     1>c:\users\npuma94\desktop\защита информации\cryptopp562\algparam.h(277): warning C4297: CryptoPP::AlgorithmParametersBase::~AlgorithmParametersBase: ожидается, что функция не будет выдавать исключения, но она это делает
         c:\users\npuma94\desktop\защита информации\cryptopp562\algparam.h(277): note: деструктор или метод отмены выделения имеет (возможно, неявно) спецификацию, не предусматривающую создание исключений
         idea.cpp
         integer.cpp
     1>c:\users\npuma94\desktop\защита информации\cryptopp562\algparam.h(277): warning C4297: CryptoPP::AlgorithmParametersBase::~AlgorithmParametersBase: ожидается, что функция не будет выдавать исключения, но она это делает
         c:\users\npuma94\desktop\защита информации\cryptopp562\algparam.h(277): note: деструктор или метод отмены выделения имеет (возможно, неявно) спецификацию, не предусматривающую создание исключений
         luc.cpp
     1>c:\users\npuma94\desktop\защита информации\cryptopp562\algparam.h(277): warning C4297: CryptoPP::AlgorithmParametersBase::~AlgorithmParametersBase: ожидается, что функция не будет выдавать исключения, но она это делает
         c:\users\npuma94\desktop\защита информации\cryptopp562\algparam.h(277): note: деструктор или метод отмены выделения имеет (возможно, неявно) спецификацию, не предусматривающую создание исключений
         mars.cpp
         marss.cpp
         md2.cpp
         md4.cpp
         md5.cpp
         misc.cpp
         modes.cpp
     1>c:\users\npuma94\desktop\защита информации\cryptopp562\algparam.h(277): warning C4297: CryptoPP::AlgorithmParametersBase::~AlgorithmParametersBase: ожидается, что функция не будет выдавать исключения, но она это делает
         c:\users\npuma94\desktop\защита информации\cryptopp562\algparam.h(277): note: деструктор или метод отмены выделения имеет (возможно, неявно) спецификацию, не предусматривающую создание исключений
         Создание кода...
         Компиляция...
         mqueue.cpp
     1>c:\users\npuma94\desktop\защита информации\cryptopp562\algparam.h(277): warning C4297: CryptoPP::AlgorithmParametersBase::~AlgorithmParametersBase: ожидается, что функция не будет выдавать исключения, но она это делает
         c:\users\npuma94\desktop\защита информации\cryptopp562\algparam.h(277): note: деструктор или метод отмены выделения имеет (возможно, неявно) спецификацию, не предусматривающую создание исключений
         mqv.cpp
     1>c:\users\npuma94\desktop\защита информации\cryptopp562\algparam.h(277): warning C4297: CryptoPP::AlgorithmParametersBase::~AlgorithmParametersBase: ожидается, что функция не будет выдавать исключения, но она это делает
         c:\users\npuma94\desktop\защита информации\cryptopp562\algparam.h(277): note: деструктор или метод отмены выделения имеет (возможно, неявно) спецификацию, не предусматривающую создание исключений
         nbtheory.cpp
     1>c:\users\npuma94\desktop\защита информации\cryptopp562\algparam.h(277): warning C4297: CryptoPP::AlgorithmParametersBase::~AlgorithmParametersBase: ожидается, что функция не будет выдавать исключения, но она это делает
         c:\users\npuma94\desktop\защита информации\cryptopp562\algparam.h(277): note: деструктор или метод отмены выделения имеет (возможно, неявно) спецификацию, не предусматривающую создание исключений
         network.cpp
     1>c:\users\npuma94\desktop\защита информации\cryptopp562\algparam.h(277): warning C4297: CryptoPP::AlgorithmParametersBase::~AlgorithmParametersBase: ожидается, что функция не будет выдавать исключения, но она это делает
         c:\users\npuma94\desktop\защита информации\cryptopp562\algparam.h(277): note: деструктор или метод отмены выделения имеет (возможно, неявно) спецификацию, не предусматривающую создание исключений
         oaep.cpp
     1>c:\users\npuma94\desktop\защита информации\cryptopp562\algparam.h(277): warning C4297: CryptoPP::AlgorithmParametersBase::~AlgorithmParametersBase: ожидается, что функция не будет выдавать исключения, но она это делает
         c:\users\npuma94\desktop\защита информации\cryptopp562\algparam.h(277): note: деструктор или метод отмены выделения имеет (возможно, неявно) спецификацию, не предусматривающую создание исключений
         osrng.cpp
     1>c:\users\npuma94\desktop\защита информации\cryptopp562\algparam.h(277): warning C4297: CryptoPP::AlgorithmParametersBase::~AlgorithmParametersBase: ожидается, что функция не будет выдавать исключения, но она это делает
         c:\users\npuma94\desktop\защита информации\cryptopp562\algparam.h(277): note: деструктор или метод отмены выделения имеет (возможно, неявно) спецификацию, не предусматривающую создание исключений
         panama.cpp
         pkcspad.cpp
     1>c:\users\npuma94\desktop\защита информации\cryptopp562\algparam.h(277): warning C4297: CryptoPP::AlgorithmParametersBase::~AlgorithmParametersBase: ожидается, что функция не будет выдавать исключения, но она это делает
         c:\users\npuma94\desktop\защита информации\cryptopp562\algparam.h(277): note: деструктор или метод отмены выделения имеет (возможно, неявно) спецификацию, не предусматривающую создание исключений
         polynomi.cpp
         pssr.cpp
     1>c:\users\npuma94\desktop\защита информации\cryptopp562\algparam.h(277): warning C4297: CryptoPP::AlgorithmParametersBase::~AlgorithmParametersBase: ожидается, что функция не будет выдавать исключения, но она это делает
         c:\users\npuma94\desktop\защита информации\cryptopp562\algparam.h(277): note: деструктор или метод отмены выделения имеет (возможно, неявно) спецификацию, не предусматривающую создание исключений
         pubkey.cpp
     1>c:\users\npuma94\desktop\защита информации\cryptopp562\algparam.h(277): warning C4297: CryptoPP::AlgorithmParametersBase::~AlgorithmParametersBase: ожидается, что функция не будет выдавать исключения, но она это делает
         c:\users\npuma94\desktop\защита информации\cryptopp562\algparam.h(277): note: деструктор или метод отмены выделения имеет (возможно, неявно) спецификацию, не предусматривающую создание исключений
         queue.cpp
     1>c:\users\npuma94\desktop\защита информации\cryptopp562\algparam.h(277): warning C4297: CryptoPP::AlgorithmParametersBase::~AlgorithmParametersBase: ожидается, что функция не будет выдавать исключения, но она это делает
         c:\users\npuma94\desktop\защита информации\cryptopp562\algparam.h(277): note: деструктор или метод отмены выделения имеет (возможно, неявно) спецификацию, не предусматривающую создание исключений
         rabin.cpp
     1>c:\users\npuma94\desktop\защита информации\cryptopp562\algparam.h(277): warning C4297: CryptoPP::AlgorithmParametersBase::~AlgorithmParametersBase: ожидается, что функция не будет выдавать исключения, но она это делает
         c:\users\npuma94\desktop\защита информации\cryptopp562\algparam.h(277): note: деструктор или метод отмены выделения имеет (возможно, неявно) спецификацию, не предусматривающую создание исключений
         randpool.cpp
     1>c:\users\npuma94\desktop\защита информации\cryptopp562\algparam.h(277): warning C4297: CryptoPP::AlgorithmParametersBase::~AlgorithmParametersBase: ожидается, что функция не будет выдавать исключения, но она это делает
         c:\users\npuma94\desktop\защита информации\cryptopp562\algparam.h(277): note: деструктор или метод отмены выделения имеет (возможно, неявно) спецификацию, не предусматривающую создание исключений
         rc2.cpp
     1>c:\users\npuma94\desktop\защита информации\cryptopp562\algparam.h(277): warning C4297: CryptoPP::AlgorithmParametersBase::~AlgorithmParametersBase: ожидается, что функция не будет выдавать исключения, но она это делает
         c:\users\npuma94\desktop\защита информации\cryptopp562\algparam.h(277): note: деструктор или метод отмены выделения имеет (возможно, неявно) спецификацию, не предусматривающую создание исключений
         rc5.cpp
         rc6.cpp
         rdtables.cpp
         rijndael.cpp
         ripemd.cpp
         Создание кода...
         Компиляция...
         rng.cpp
     1>c:\users\npuma94\desktop\защита информации\cryptopp562\algparam.h(277): warning C4297: CryptoPP::AlgorithmParametersBase::~AlgorithmParametersBase: ожидается, что функция не будет выдавать исключения, но она это делает
         c:\users\npuma94\desktop\защита информации\cryptopp562\algparam.h(277): note: деструктор или метод отмены выделения имеет (возможно, неявно) спецификацию, не предусматривающую создание исключений
         rsa.cpp
     1>c:\users\npuma94\desktop\защита информации\cryptopp562\algparam.h(277): warning C4297: CryptoPP::AlgorithmParametersBase::~AlgorithmParametersBase: ожидается, что функция не будет выдавать исключения, но она это делает
         c:\users\npuma94\desktop\защита информации\cryptopp562\algparam.h(277): note: деструктор или метод отмены выделения имеет (возможно, неявно) спецификацию, не предусматривающую создание исключений
         rw.cpp
     1>c:\users\npuma94\desktop\защита информации\cryptopp562\algparam.h(277): warning C4297: CryptoPP::AlgorithmParametersBase::~AlgorithmParametersBase: ожидается, что функция не будет выдавать исключения, но она это делает
         c:\users\npuma94\desktop\защита информации\cryptopp562\algparam.h(277): note: деструктор или метод отмены выделения имеет (возможно, неявно) спецификацию, не предусматривающую создание исключений
         safer.cpp
         salsa.cpp
         seal.cpp
         seed.cpp
         serpent.cpp
         sha.cpp
         sha3.cpp
         shacal2.cpp
         shark.cpp
     1>c:\users\npuma94\desktop\защита информации\cryptopp562\algparam.h(277): warning C4297: CryptoPP::AlgorithmParametersBase::~AlgorithmParametersBase: ожидается, что функция не будет выдавать исключения, но она это делает
         c:\users\npuma94\desktop\защита информации\cryptopp562\algparam.h(277): note: деструктор или метод отмены выделения имеет (возможно, неявно) спецификацию, не предусматривающую создание исключений
         sharkbox.cpp
         simple.cpp
         skipjack.cpp
         socketft.cpp
     1>c:\users\npuma94\desktop\защита информации\cryptopp562\algparam.h(277): warning C4297: CryptoPP::AlgorithmParametersBase::~AlgorithmParametersBase: ожидается, что функция не будет выдавать исключения, но она это делает
         c:\users\npuma94\desktop\защита информации\cryptopp562\algparam.h(277): note: деструктор или метод отмены выделения имеет (возможно, неявно) спецификацию, не предусматривающую создание исключений
     1>c:\users\npuma94\desktop\защита информации\cryptopp562\socketft.cpp(102): warning C4996: 'inet_addr': Use inet_pton() or InetPton() instead or define _WINSOCK_DEPRECATED_NO_WARNINGS to disable deprecated API warnings
         c:\program files (x86)\windows kits\8.1\include\um\winsock2.h(1850): note:  см. объявление "inet_addr"
     1>c:\users\npuma94\desktop\защита информации\cryptopp562\socketft.cpp(136): warning C4996: 'inet_addr': Use inet_pton() or InetPton() instead or define _WINSOCK_DEPRECATED_NO_WARNINGS to disable deprecated API warnings
         c:\program files (x86)\windows kits\8.1\include\um\winsock2.h(1850): note:  см. объявление "inet_addr"
     1>c:\users\npuma94\desktop\защита информации\cryptopp562\socketft.cpp(140): warning C4996: 'gethostbyname': Use getaddrinfo() or GetAddrInfoW() instead or define _WINSOCK_DEPRECATED_NO_WARNINGS to disable deprecated API warnings
         c:\program files (x86)\windows kits\8.1\include\um\winsock2.h(2238): note:  см. объявление "gethostbyname"
         sosemanuk.cpp
         square.cpp
         squaretb.cpp
         strciphr.cpp
         Создание кода...
         Компиляция...
         tea.cpp
         tftables.cpp
         tiger.cpp
         tigertab.cpp
         trdlocal.cpp
     1>c:\users\npuma94\desktop\защита информации\cryptopp562\trdlocal.cpp(38): warning C4297: CryptoPP::ThreadLocalStorage::~ThreadLocalStorage: ожидается, что функция не будет выдавать исключения, но она это делает
         c:\users\npuma94\desktop\защита информации\cryptopp562\trdlocal.cpp(38): note: деструктор или метод отмены выделения имеет (возможно, неявно) спецификацию, не предусматривающую создание исключений
         ttmac.cpp
         twofish.cpp
         vmac.cpp
         wait.cpp
         wake.cpp
     1>c:\users\npuma94\desktop\защита информации\cryptopp562\wake.cpp(34): warning C4838: преобразование из "unsigned int" в "int" требует сужающего преобразования
         whrlpool.cpp
         winpipes.cpp
     1>c:\users\npuma94\desktop\защита информации\cryptopp562\algparam.h(277): warning C4297: CryptoPP::AlgorithmParametersBase::~AlgorithmParametersBase: ожидается, что функция не будет выдавать исключения, но она это делает
         c:\users\npuma94\desktop\защита информации\cryptopp562\algparam.h(277): note: деструктор или метод отмены выделения имеет (возможно, неявно) спецификацию, не предусматривающую создание исключений
         xtr.cpp
     1>c:\users\npuma94\desktop\защита информации\cryptopp562\algparam.h(277): warning C4297: CryptoPP::AlgorithmParametersBase::~AlgorithmParametersBase: ожидается, что функция не будет выдавать исключения, но она это делает
         c:\users\npuma94\desktop\защита информации\cryptopp562\algparam.h(277): note: деструктор или метод отмены выделения имеет (возможно, неявно) спецификацию, не предусматривающую создание исключений
         xtrcrypt.cpp
     1>c:\users\npuma94\desktop\защита информации\cryptopp562\algparam.h(277): warning C4297: CryptoPP::AlgorithmParametersBase::~AlgorithmParametersBase: ожидается, что функция не будет выдавать исключения, но она это делает
         c:\users\npuma94\desktop\защита информации\cryptopp562\algparam.h(277): note: деструктор или метод отмены выделения имеет (возможно, неявно) спецификацию, не предусматривающую создание исключений
         zdeflate.cpp
     1>c:\users\npuma94\desktop\защита информации\cryptopp562\algparam.h(277): warning C4297: CryptoPP::AlgorithmParametersBase::~AlgorithmParametersBase: ожидается, что функция не будет выдавать исключения, но она это делает
         c:\users\npuma94\desktop\защита информации\cryptopp562\algparam.h(277): note: деструктор или метод отмены выделения имеет (возможно, неявно) спецификацию, не предусматривающую создание исключений
         zinflate.cpp
     1>c:\users\npuma94\desktop\защита информации\cryptopp562\algparam.h(277): warning C4297: CryptoPP::AlgorithmParametersBase::~AlgorithmParametersBase: ожидается, что функция не будет выдавать исключения, но она это делает
         c:\users\npuma94\desktop\защита информации\cryptopp562\algparam.h(277): note: деструктор или метод отмены выделения имеет (возможно, неявно) спецификацию, не предусматривающую создание исключений
         zlib.cpp
     1>c:\users\npuma94\desktop\защита информации\cryptopp562\algparam.h(277): warning C4297: CryptoPP::AlgorithmParametersBase::~AlgorithmParametersBase: ожидается, что функция не будет выдавать исключения, но она это делает
         c:\users\npuma94\desktop\защита информации\cryptopp562\algparam.h(277): note: деструктор или метод отмены выделения имеет (возможно, неявно) спецификацию, не предусматривающую создание исключений
         Создание кода...
         C:\Program Files (x86)\Microsoft Visual Studio 14.0\VC\bin\CL.exe /c /ZI /nologo /W3 /WX- /Od /Oi /Oy- /D _DEBUG /D _WINDOWS /D USE_PRECOMPILED_HEADERS /D WIN32 /D _VC80_UPGRADE=0x0710 /Gm- /EHsc /MTd /GS /arch:SSE /fp:precise /Zc:wchar_t /Zc:forScope /Zc:inline /Fo"Win32\cryptlib\Debug\\" /Fd"Win32\Output\Debug\vc80.pdb" /Gd /TP /analyze- /errorReport:prompt dll.cpp iterhash.cpp
         dll.cpp
     1>c:\users\npuma94\desktop\защита информации\cryptopp562\algparam.h(277): warning C4297: CryptoPP::AlgorithmParametersBase::~AlgorithmParametersBase: ожидается, что функция не будет выдавать исключения, но она это делает
         c:\users\npuma94\desktop\защита информации\cryptopp562\algparam.h(277): note: деструктор или метод отмены выделения имеет (возможно, неявно) спецификацию, не предусматривающую создание исключений
         iterhash.cpp
         Создание кода...
       Lib:
         C:\Program Files (x86)\Microsoft Visual Studio 14.0\VC\bin\Lib.exe /OUT:"Win32\Output\Debug\cryptlib.lib" /NOLOGO Win32\cryptlib\Debug\3way.obj
         Win32\cryptlib\Debug\adler32.obj
         Win32\cryptlib\Debug\algebra.obj
         Win32\cryptlib\Debug\algparam.obj
         Win32\cryptlib\Debug\arc4.obj
         Win32\cryptlib\Debug\asn.obj
         Win32\cryptlib\Debug\authenc.obj
         Win32\cryptlib\Debug\base32.obj
         Win32\cryptlib\Debug\base64.obj
         Win32\cryptlib\Debug\basecode.obj
         Win32\cryptlib\Debug\bfinit.obj
         Win32\cryptlib\Debug\blowfish.obj
         Win32\cryptlib\Debug\blumshub.obj
         Win32\cryptlib\Debug\camellia.obj
         Win32\cryptlib\Debug\cast.obj
         Win32\cryptlib\Debug\casts.obj
         Win32\cryptlib\Debug\cbcmac.obj
         Win32\cryptlib\Debug\ccm.obj
         Win32\cryptlib\Debug\channels.obj
         Win32\cryptlib\Debug\cmac.obj
         Win32\cryptlib\Debug\cpu.obj
         Win32\cryptlib\Debug\crc.obj
         Win32\cryptlib\Debug\cryptlib.obj
         Win32\cryptlib\Debug\default.obj
         Win32\cryptlib\Debug\des.obj
         Win32\cryptlib\Debug\dessp.obj
         Win32\cryptlib\Debug\dh.obj
         Win32\cryptlib\Debug\dh2.obj
         Win32\cryptlib\Debug\dll.obj
         Win32\cryptlib\Debug\dsa.obj
         Win32\cryptlib\Debug\eax.obj
         Win32\cryptlib\Debug\ec2n.obj
         Win32\cryptlib\Debug\ecp.obj
         Win32\cryptlib\Debug\elgamal.obj
         Win32\cryptlib\Debug\emsa2.obj
         Win32\cryptlib\Debug\esign.obj
         Win32\cryptlib\Debug\files.obj
         Win32\cryptlib\Debug\filters.obj
         Win32\cryptlib\Debug\fips140.obj
         Win32\cryptlib\Debug\fipstest.obj
         Win32\cryptlib\Debug\gcm.obj
         Win32\cryptlib\Debug\gf256.obj
         Win32\cryptlib\Debug\gf2_32.obj
         Win32\cryptlib\Debug\gf2n.obj
         Win32\cryptlib\Debug\gfpcrypt.obj
         Win32\cryptlib\Debug\gost.obj
         Win32\cryptlib\Debug\gzip.obj
         Win32\cryptlib\Debug\hex.obj
         Win32\cryptlib\Debug\hmac.obj
         Win32\cryptlib\Debug\hrtimer.obj
         Win32\cryptlib\Debug\ida.obj
         Win32\cryptlib\Debug\idea.obj
         Win32\cryptlib\Debug\integer.obj
         Win32\cryptlib\Debug\iterhash.obj
         Win32\cryptlib\Debug\luc.obj
         Win32\cryptlib\Debug\mars.obj
         Win32\cryptlib\Debug\marss.obj
         Win32\cryptlib\Debug\md2.obj
         Win32\cryptlib\Debug\md4.obj
         Win32\cryptlib\Debug\md5.obj
         Win32\cryptlib\Debug\misc.obj
         Win32\cryptlib\Debug\modes.obj
         Win32\cryptlib\Debug\mqueue.obj
         Win32\cryptlib\Debug\mqv.obj
         Win32\cryptlib\Debug\nbtheory.obj
         Win32\cryptlib\Debug\network.obj
         Win32\cryptlib\Debug\oaep.obj
         Win32\cryptlib\Debug\osrng.obj
         Win32\cryptlib\Debug\panama.obj
         Win32\cryptlib\Debug\pch.obj
         Win32\cryptlib\Debug\pkcspad.obj
         Win32\cryptlib\Debug\polynomi.obj
         Win32\cryptlib\Debug\pssr.obj
         Win32\cryptlib\Debug\pubkey.obj
         Win32\cryptlib\Debug\queue.obj
         Win32\cryptlib\Debug\rabin.obj
         Win32\cryptlib\Debug\randpool.obj
         Win32\cryptlib\Debug\rc2.obj
         Win32\cryptlib\Debug\rc5.obj
         Win32\cryptlib\Debug\rc6.obj
         Win32\cryptlib\Debug\rdtables.obj
         Win32\cryptlib\Debug\rijndael.obj
         Win32\cryptlib\Debug\ripemd.obj
         Win32\cryptlib\Debug\rng.obj
         Win32\cryptlib\Debug\rsa.obj
         Win32\cryptlib\Debug\rw.obj
         Win32\cryptlib\Debug\safer.obj
         Win32\cryptlib\Debug\salsa.obj
         Win32\cryptlib\Debug\seal.obj
         Win32\cryptlib\Debug\seed.obj
         Win32\cryptlib\Debug\serpent.obj
         Win32\cryptlib\Debug\sha.obj
         Win32\cryptlib\Debug\sha3.obj
         Win32\cryptlib\Debug\shacal2.obj
         Win32\cryptlib\Debug\shark.obj
         Win32\cryptlib\Debug\sharkbox.obj
         Win32\cryptlib\Debug\simple.obj
         Win32\cryptlib\Debug\skipjack.obj
         Win32\cryptlib\Debug\socketft.obj
         Win32\cryptlib\Debug\sosemanuk.obj
         Win32\cryptlib\Debug\square.obj
         Win32\cryptlib\Debug\squaretb.obj
         Win32\cryptlib\Debug\strciphr.obj
         Win32\cryptlib\Debug\tea.obj
         Win32\cryptlib\Debug\tftables.obj
         Win32\cryptlib\Debug\tiger.obj
         Win32\cryptlib\Debug\tigertab.obj
         Win32\cryptlib\Debug\trdlocal.obj
         Win32\cryptlib\Debug\ttmac.obj
         Win32\cryptlib\Debug\twofish.obj
         Win32\cryptlib\Debug\vmac.obj
         Win32\cryptlib\Debug\wait.obj
         Win32\cryptlib\Debug\wake.obj
         Win32\cryptlib\Debug\whrlpool.obj
         Win32\cryptlib\Debug\winpipes.obj
         Win32\cryptlib\Debug\xtr.obj
         Win32\cryptlib\Debug\xtrcrypt.obj
         Win32\cryptlib\Debug\zdeflate.obj
         Win32\cryptlib\Debug\zinflate.obj
         Win32\cryptlib\Debug\zlib.obj
     1>strciphr.obj : warning LNK4221: ▌ЄюЄ Їрщы юс·хъЄр эх юяЁхфхы хЄ ъръшх-ышсю Ёрэхх эхюяЁхфхыхээ√х юЄъЁ√Є√х ёшьтюы√, яю¤Єюьє юэ эх сєфхЄ шёяюы№чютрЄ№ё  эшъръшьш юяхЁрЎш ьш ъюьяюэютъш, юсЁр∙р■∙шьшё  ъ ¤Єющ сшсышюЄхъх
     1>simple.obj : warning LNK4221: ▌ЄюЄ Їрщы юс·хъЄр эх юяЁхфхы хЄ ъръшх-ышсю Ёрэхх эхюяЁхфхыхээ√х юЄъЁ√Є√х ёшьтюы√, яю¤Єюьє юэ эх сєфхЄ шёяюы№чютрЄ№ё  эшъръшьш юяхЁрЎш ьш ъюьяюэютъш, юсЁр∙р■∙шьшё  ъ ¤Єющ сшсышюЄхъх
     1>polynomi.obj : warning LNK4221: ▌ЄюЄ Їрщы юс·хъЄр эх юяЁхфхы хЄ ъръшх-ышсю Ёрэхх эхюяЁхфхыхээ√х юЄъЁ√Є√х ёшьтюы√, яю¤Єюьє юэ эх сєфхЄ шёяюы№чютрЄ№ё  эшъръшьш юяхЁрЎш ьш ъюьяюэютъш, юсЁр∙р■∙шьшё  ъ ¤Єющ сшсышюЄхъх
     1>algebra.obj : warning LNK4221: ▌ЄюЄ Їрщы юс·хъЄр эх юяЁхфхы хЄ ъръшх-ышсю Ёрэхх эхюяЁхфхыхээ√х юЄъЁ√Є√х ёшьтюы√, яю¤Єюьє юэ эх сєфхЄ шёяюы№чютрЄ№ё  эшъръшьш юяхЁрЎш ьш ъюьяюэютъш, юсЁр∙р■∙шьшё  ъ ¤Єющ сшсышюЄхъх
         cryptlib.vcxproj -> C:\Users\npuMa94\Desktop\Защита информации\cryptopp562\Win32\Output\Debug\cryptlib.lib
     1>Сборка проекта "C:\Users\npuMa94\Desktop\Защита информации\cryptopp562\cryptlib.vcxproj" завершена (целевые объекты Build).

Сборка успешно завершена.

Затраченное время: 00:00:50.83
